2020-07-27 12:22:23,667  INFO Microsoft.Hosting.Lifetime.? [?] - MESSAGE: Application started. Press Ctrl+C to shut down.
 2020-07-27 12:22:23,701  INFO Microsoft.Hosting.Lifetime.? [?] - MESSAGE: Hosting environment: Development
 2020-07-27 12:22:23,702  INFO Microsoft.Hosting.Lifetime.? [?] - MESSAGE: Content root path: C:\MetalUp\OOPRecords\Server
 2020-07-27 12:22:23,730  INFO Microsoft.AspNetCore.Hosting.Diagnostics.? [?] - MESSAGE: Request starting HTTP/1.1 GET http://localhost:5000/  
 2020-07-27 12:22:23,851  INFO Microsoft.AspNetCore.Mvc.Infrastructure.ControllerActionInvoker.? [?] - MESSAGE: Route matched with {action = "GetHome", controller = "RestfulObjects"}. Executing controller action with signature Microsoft.AspNetCore.Mvc.ActionResult GetHome() on controller NakedObjects.Rest.App.Demo.RestfulObjectsController (RESTfulServer).
 2020-07-27 12:22:26,491 ERROR NakedObjects.Persistor.Entity.Component.EntityObjectStore.? [?] - MESSAGE: Failed to create Code First DbContext: Model compatibility cannot be checked because the database does not contain model metadata. Model compatibility can only be checked for databases created using Code First or Code First Migrations.
 2020-07-27 12:22:26,499  INFO Microsoft.AspNetCore.Mvc.Infrastructure.ControllerActionInvoker.? [?] - MESSAGE: Executed action NakedObjects.Rest.App.Demo.RestfulObjectsController.GetHome (RESTfulServer) in 2643.654ms
 2020-07-27 12:22:26,506 ERROR Microsoft.AspNetCore.Diagnostics.DeveloperExceptionPageMiddleware.? [?] - MESSAGE: An unhandled exception has occurred while executing the request.
 NakedObjects.Core.InitialisationException: Failed to create Code First DbContext: Model compatibility cannot be checked because the database does not contain model metadata. Model compatibility can only be checked for databases created using Code First or Code First Migrations.
 ---> System.NotSupportedException: Model compatibility cannot be checked because the database does not contain model metadata. Model compatibility can only be checked for databases created using Code First or Code First Migrations.
   at System.Data.Entity.Internal.ModelCompatibilityChecker.CompatibleWithModel(InternalContext internalContext, ModelHashCalculator modelHashCalculator, Boolean throwIfNoMetadata, DatabaseExistenceState existenceState)
   at System.Data.Entity.Internal.InternalContext.CompatibleWithModel(Boolean throwIfNoMetadata, DatabaseExistenceState existenceState)
   at System.Data.Entity.Database.CompatibleWithModel(Boolean throwIfNoMetadata, DatabaseExistenceState existenceState)
   at System.Data.Entity.Database.CompatibleWithModel(Boolean throwIfNoMetadata)
   at System.Data.Entity.DropCreateDatabaseIfModelChanges`1.InitializeDatabase(TContext context)
   at System.Data.Entity.Internal.InternalContext.<>c__DisplayClass66_0`1.<CreateInitializationAction>b__0()
   at System.Data.Entity.Internal.InternalContext.PerformInitializationAction(Action action)
   at System.Data.Entity.Internal.InternalContext.PerformDatabaseInitialization()
   at System.Data.Entity.Internal.LazyInternalContext.<>c.<InitializeDatabase>b__58_0(InternalContext c)
   at System.Data.Entity.Internal.RetryAction`1.PerformAction(TInput input)
   at System.Data.Entity.Internal.LazyInternalContext.InitializeDatabaseAction(Action`1 action)
   at System.Data.Entity.Internal.LazyInternalContext.InitializeDatabase()
   at System.Data.Entity.Internal.InternalContext.Initialize()
   at System.Data.Entity.Internal.InternalContext.ForceOSpaceLoadingForKnownEntityTypes()
   at System.Data.Entity.DbContext.System.Data.Entity.Infrastructure.IObjectContextAdapter.get_ObjectContext()
   at NakedObjects.Persistor.Entity.Component.EntityObjectStore.LocalContext..ctor(CodeFirstEntityContextConfiguration config, ISession session, EntityObjectStore parent)
   at NakedObjects.Persistor.Entity.Component.EntityObjectStore.CreateCodeOnlyContext(CodeFirstEntityContextConfiguration codeOnlyConfig)
   --- End of inner exception stack trace ---
   at NakedObjects.Persistor.Entity.Component.EntityObjectStore.CreateCodeOnlyContext(CodeFirstEntityContextConfiguration codeOnlyConfig)
   at NakedObjects.Persistor.Entity.Component.EntityObjectStore.PrepareContextForNewTransaction(KeyValuePair`2 kvp)
   at System.Linq.Enumerable.ToDictionary[TSource,TKey,TElement](IEnumerable`1 source, Func`2 keySelector, Func`2 elementSelector, IEqualityComparer`1 comparer)
   at System.Linq.Enumerable.ToDictionary[TSource,TKey,TElement](IEnumerable`1 source, Func`2 keySelector, Func`2 elementSelector)
   at NakedObjects.Persistor.Entity.Component.EntityObjectStore.SetupContexts()
   at NakedObjects.Persistor.Entity.Component.EntityObjectStore..ctor(ISession session, IEntityObjectStoreConfiguration config, EntityOidGenerator oidGenerator, IMetamodelManager metamodel, IDomainObjectInjector injector, INakedObjectManager nakedObjectManager, ILogger`1 logger)
   at System.RuntimeMethodHandle.InvokeMethod(Object target, Object[] arguments, Signature sig, Boolean constructor, Boolean wrapExceptions)
   at System.Reflection.RuntimeConstructorInfo.Invoke(BindingFlags invokeAttr, Binder binder, Object[] parameters, CultureInfo culture)
   at Microsoft.Extensions.DependencyInjection.ServiceLookup.CallSiteRuntimeResolver.VisitConstructor(ConstructorCallSite constructorCallSite, RuntimeResolverContext context)
   at Microsoft.Extensions.DependencyInjection.ServiceLookup.CallSiteVisitor`2.VisitCallSiteMain(ServiceCallSite callSite, TArgument argument)
   at Microsoft.Extensions.DependencyInjection.ServiceLookup.CallSiteRuntimeResolver.VisitCache(ServiceCallSite callSite, RuntimeResolverContext context, ServiceProviderEngineScope serviceProviderEngine, RuntimeResolverLock lockType)
   at Microsoft.Extensions.DependencyInjection.ServiceLookup.CallSiteRuntimeResolver.VisitScopeCache(ServiceCallSite singletonCallSite, RuntimeResolverContext context)
   at Microsoft.Extensions.DependencyInjection.ServiceLookup.CallSiteVisitor`2.VisitCallSite(ServiceCallSite callSite, TArgument argument)
   at Microsoft.Extensions.DependencyInjection.ServiceLookup.CallSiteRuntimeResolver.VisitConstructor(ConstructorCallSite constructorCallSite, RuntimeResolverContext context)
   at Microsoft.Extensions.DependencyInjection.ServiceLookup.CallSiteVisitor`2.VisitCallSiteMain(ServiceCallSite callSite, TArgument argument)
   at Microsoft.Extensions.DependencyInjection.ServiceLookup.CallSiteRuntimeResolver.VisitCache(ServiceCallSite callSite, RuntimeResolverContext context, ServiceProviderEngineScope serviceProviderEngine, RuntimeResolverLock lockType)
   at Microsoft.Extensions.DependencyInjection.ServiceLookup.CallSiteRuntimeResolver.VisitScopeCache(ServiceCallSite singletonCallSite, RuntimeResolverContext context)
   at Microsoft.Extensions.DependencyInjection.ServiceLookup.CallSiteVisitor`2.VisitCallSite(ServiceCallSite callSite, TArgument argument)
   at Microsoft.Extensions.DependencyInjection.ServiceLookup.CallSiteRuntimeResolver.VisitConstructor(ConstructorCallSite constructorCallSite, RuntimeResolverContext context)
   at Microsoft.Extensions.DependencyInjection.ServiceLookup.CallSiteVisitor`2.VisitCallSiteMain(ServiceCallSite callSite, TArgument argument)
   at Microsoft.Extensions.DependencyInjection.ServiceLookup.CallSiteRuntimeResolver.VisitCache(ServiceCallSite callSite, RuntimeResolverContext context, ServiceProviderEngineScope serviceProviderEngine, RuntimeResolverLock lockType)
   at Microsoft.Extensions.DependencyInjection.ServiceLookup.CallSiteRuntimeResolver.VisitScopeCache(ServiceCallSite singletonCallSite, RuntimeResolverContext context)
   at Microsoft.Extensions.DependencyInjection.ServiceLookup.CallSiteVisitor`2.VisitCallSite(ServiceCallSite callSite, TArgument argument)
   at Microsoft.Extensions.DependencyInjection.ServiceLookup.CallSiteRuntimeResolver.VisitConstructor(ConstructorCallSite constructorCallSite, RuntimeResolverContext context)
   at Microsoft.Extensions.DependencyInjection.ServiceLookup.CallSiteVisitor`2.VisitCallSiteMain(ServiceCallSite callSite, TArgument argument)
   at Microsoft.Extensions.DependencyInjection.ServiceLookup.CallSiteRuntimeResolver.VisitCache(ServiceCallSite callSite, RuntimeResolverContext context, ServiceProviderEngineScope serviceProviderEngine, RuntimeResolverLock lockType)
   at Microsoft.Extensions.DependencyInjection.ServiceLookup.CallSiteRuntimeResolver.VisitScopeCache(ServiceCallSite singletonCallSite, RuntimeResolverContext context)
   at Microsoft.Extensions.DependencyInjection.ServiceLookup.CallSiteVisitor`2.VisitCallSite(ServiceCallSite callSite, TArgument argument)
   at Microsoft.Extensions.DependencyInjection.ServiceLookup.CallSiteRuntimeResolver.VisitConstructor(ConstructorCallSite constructorCallSite, RuntimeResolverContext context)
   at Microsoft.Extensions.DependencyInjection.ServiceLookup.CallSiteVisitor`2.VisitCallSiteMain(ServiceCallSite callSite, TArgument argument)
   at Microsoft.Extensions.DependencyInjection.ServiceLookup.CallSiteRuntimeResolver.VisitCache(ServiceCallSite callSite, RuntimeResolverContext context, ServiceProviderEngineScope serviceProviderEngine, RuntimeResolverLock lockType)
   at Microsoft.Extensions.DependencyInjection.ServiceLookup.CallSiteRuntimeResolver.VisitScopeCache(ServiceCallSite singletonCallSite, RuntimeResolverContext context)
   at Microsoft.Extensions.DependencyInjection.ServiceLookup.CallSiteVisitor`2.VisitCallSite(ServiceCallSite callSite, TArgument argument)
   at Microsoft.Extensions.DependencyInjection.ServiceLookup.CallSiteRuntimeResolver.VisitConstructor(ConstructorCallSite constructorCallSite, RuntimeResolverContext context)
   at Microsoft.Extensions.DependencyInjection.ServiceLookup.CallSiteVisitor`2.VisitCallSiteMain(ServiceCallSite callSite, TArgument argument)
   at Microsoft.Extensions.DependencyInjection.ServiceLookup.CallSiteRuntimeResolver.VisitDisposeCache(ServiceCallSite transientCallSite, RuntimeResolverContext context)
   at Microsoft.Extensions.DependencyInjection.ServiceLookup.CallSiteVisitor`2.VisitCallSite(ServiceCallSite callSite, TArgument argument)
   at Microsoft.Extensions.DependencyInjection.ServiceLookup.CallSiteRuntimeResolver.VisitConstructor(ConstructorCallSite constructorCallSite, RuntimeResolverContext context)
   at Microsoft.Extensions.DependencyInjection.ServiceLookup.CallSiteVisitor`2.VisitCallSiteMain(ServiceCallSite callSite, TArgument argument)
   at Microsoft.Extensions.DependencyInjection.ServiceLookup.CallSiteRuntimeResolver.VisitDisposeCache(ServiceCallSite transientCallSite, RuntimeResolverContext context)
   at Microsoft.Extensions.DependencyInjection.ServiceLookup.CallSiteVisitor`2.VisitCallSite(ServiceCallSite callSite, TArgument argument)
   at Microsoft.Extensions.DependencyInjection.ServiceLookup.CallSiteRuntimeResolver.Resolve(ServiceCallSite callSite, ServiceProviderEngineScope scope)
   at Microsoft.Extensions.DependencyInjection.ServiceLookup.DynamicServiceProviderEngine.<>c__DisplayClass1_0.<RealizeService>b__0(ServiceProviderEngineScope scope)
   at Microsoft.Extensions.DependencyInjection.ServiceLookup.ServiceProviderEngine.GetService(Type serviceType, ServiceProviderEngineScope serviceProviderEngineScope)
   at Microsoft.Extensions.DependencyInjection.ServiceLookup.ServiceProviderEngineScope.GetService(Type serviceType)
   at Microsoft.Extensions.DependencyInjection.ActivatorUtilities.GetService(IServiceProvider sp, Type type, Type requiredBy, Boolean isDefaultParameterRequired)
   at lambda_method(Closure , IServiceProvider , Object[] )
   at Microsoft.AspNetCore.Mvc.Controllers.ControllerActivatorProvider.<>c__DisplayClass4_0.<CreateActivator>b__0(ControllerContext controllerContext)
   at Microsoft.AspNetCore.Mvc.Controllers.ControllerFactoryProvider.<>c__DisplayClass5_0.<CreateControllerFactory>g__CreateController|0(ControllerContext controllerContext)
   at Microsoft.AspNetCore.Mvc.Infrastructure.ControllerActionInvoker.Next(State& next, Scope& scope, Object& state, Boolean& isCompleted)
   at Microsoft.AspNetCore.Mvc.Infrastructure.ControllerActionInvoker.InvokeInnerFilterAsync()
--- End of stack trace from previous location where exception was thrown ---
   at Microsoft.AspNetCore.Mvc.Infrastructure.ResourceInvoker.<InvokeNextResourceFilter>g__Awaited|24_0(ResourceInvoker invoker, Task lastTask, State next, Scope scope, Object state, Boolean isCompleted)
   at Microsoft.AspNetCore.Mvc.Infrastructure.ResourceInvoker.Rethrow(ResourceExecutedContextSealed context)
   at Microsoft.AspNetCore.Mvc.Infrastructure.ResourceInvoker.Next(State& next, Scope& scope, Object& state, Boolean& isCompleted)
   at Microsoft.AspNetCore.Mvc.Infrastructure.ResourceInvoker.InvokeFilterPipelineAsync()
--- End of stack trace from previous location where exception was thrown ---
   at Microsoft.AspNetCore.Mvc.Infrastructure.ResourceInvoker.<InvokeAsync>g__Logged|17_1(ResourceInvoker invoker)
   at Microsoft.AspNetCore.Builder.RouterMiddleware.Invoke(HttpContext httpContext)
   at Microsoft.AspNetCore.Diagnostics.DeveloperExceptionPageMiddleware.Invoke(HttpContext context)
2020-07-27 12:22:26,652  INFO Microsoft.AspNetCore.Hosting.Diagnostics.? [?] - MESSAGE: Request finished in 2925.8596ms 500 text/html; charset=utf-8
 2020-07-27 12:22:26,807  INFO Microsoft.AspNetCore.Hosting.Diagnostics.? [?] - MESSAGE: Request starting HTTP/1.1 GET http://localhost:5000/favicon.ico  
 2020-07-27 12:22:26,810  INFO Microsoft.AspNetCore.Hosting.Diagnostics.? [?] - MESSAGE: Request finished in 3.298ms 404 
 2020-07-27 12:23:18,734  INFO Microsoft.Hosting.Lifetime.? [?] - MESSAGE: Application started. Press Ctrl+C to shut down.
 2020-07-27 12:23:18,747  INFO Microsoft.Hosting.Lifetime.? [?] - MESSAGE: Hosting environment: Development
 2020-07-27 12:23:18,748  INFO Microsoft.Hosting.Lifetime.? [?] - MESSAGE: Content root path: C:\MetalUp\OOPRecords\Server
 2020-07-27 12:23:18,763  INFO Microsoft.AspNetCore.Hosting.Diagnostics.? [?] - MESSAGE: Request starting HTTP/1.1 GET http://localhost:5000/  
 2020-07-27 12:23:18,848  INFO Microsoft.AspNetCore.Mvc.Infrastructure.ControllerActionInvoker.? [?] - MESSAGE: Route matched with {action = "GetHome", controller = "RestfulObjects"}. Executing controller action with signature Microsoft.AspNetCore.Mvc.ActionResult GetHome() on controller NakedObjects.Rest.App.Demo.RestfulObjectsController (RESTfulServer).
 2020-07-27 12:23:20,694  INFO Microsoft.AspNetCore.Mvc.Infrastructure.ControllerActionInvoker.? [?] - MESSAGE: Executed action NakedObjects.Rest.App.Demo.RestfulObjectsController.GetHome (RESTfulServer) in 1839.7688ms
 2020-07-27 12:23:20,698 ERROR Microsoft.AspNetCore.Diagnostics.DeveloperExceptionPageMiddleware.? [?] - MESSAGE: An unhandled exception has occurred while executing the request.
 System.MissingMethodException: No parameterless constructor defined for type 'OOPRecords.StudentRepository'.
   at System.RuntimeType.CreateInstanceDefaultCtorSlow(Boolean publicOnly, Boolean wrapExceptions, Boolean fillCache)
   at System.RuntimeType.CreateInstanceDefaultCtor(Boolean publicOnly, Boolean skipCheckThis, Boolean fillCache, Boolean wrapExceptions)
   at System.Activator.CreateInstance(Type type, Boolean nonPublic, Boolean wrapExceptions)
   at System.Activator.CreateInstance(Type type)
   at System.Linq.Enumerable.SelectArrayIterator`2.ToList()
   at System.Linq.Enumerable.ToList[TSource](IEnumerable`1 source)
   at NakedObjects.Core.Component.ServicesManager..ctor(IDomainObjectInjector injector, INakedObjectManager manager, IReflectorConfiguration config, ILogger`1 logger)
   at System.RuntimeMethodHandle.InvokeMethod(Object target, Object[] arguments, Signature sig, Boolean constructor, Boolean wrapExceptions)
   at System.Reflection.RuntimeConstructorInfo.Invoke(BindingFlags invokeAttr, Binder binder, Object[] parameters, CultureInfo culture)
   at Microsoft.Extensions.DependencyInjection.ServiceLookup.CallSiteRuntimeResolver.VisitConstructor(ConstructorCallSite constructorCallSite, RuntimeResolverContext context)
   at Microsoft.Extensions.DependencyInjection.ServiceLookup.CallSiteVisitor`2.VisitCallSiteMain(ServiceCallSite callSite, TArgument argument)
   at Microsoft.Extensions.DependencyInjection.ServiceLookup.CallSiteRuntimeResolver.VisitCache(ServiceCallSite callSite, RuntimeResolverContext context, ServiceProviderEngineScope serviceProviderEngine, RuntimeResolverLock lockType)
   at Microsoft.Extensions.DependencyInjection.ServiceLookup.CallSiteRuntimeResolver.VisitScopeCache(ServiceCallSite singletonCallSite, RuntimeResolverContext context)
   at Microsoft.Extensions.DependencyInjection.ServiceLookup.CallSiteVisitor`2.VisitCallSite(ServiceCallSite callSite, TArgument argument)
   at Microsoft.Extensions.DependencyInjection.ServiceLookup.CallSiteRuntimeResolver.VisitConstructor(ConstructorCallSite constructorCallSite, RuntimeResolverContext context)
   at Microsoft.Extensions.DependencyInjection.ServiceLookup.CallSiteVisitor`2.VisitCallSiteMain(ServiceCallSite callSite, TArgument argument)
   at Microsoft.Extensions.DependencyInjection.ServiceLookup.CallSiteRuntimeResolver.VisitCache(ServiceCallSite callSite, RuntimeResolverContext context, ServiceProviderEngineScope serviceProviderEngine, RuntimeResolverLock lockType)
   at Microsoft.Extensions.DependencyInjection.ServiceLookup.CallSiteRuntimeResolver.VisitScopeCache(ServiceCallSite singletonCallSite, RuntimeResolverContext context)
   at Microsoft.Extensions.DependencyInjection.ServiceLookup.CallSiteVisitor`2.VisitCallSite(ServiceCallSite callSite, TArgument argument)
   at Microsoft.Extensions.DependencyInjection.ServiceLookup.CallSiteRuntimeResolver.VisitConstructor(ConstructorCallSite constructorCallSite, RuntimeResolverContext context)
   at Microsoft.Extensions.DependencyInjection.ServiceLookup.CallSiteVisitor`2.VisitCallSiteMain(ServiceCallSite callSite, TArgument argument)
   at Microsoft.Extensions.DependencyInjection.ServiceLookup.CallSiteRuntimeResolver.VisitDisposeCache(ServiceCallSite transientCallSite, RuntimeResolverContext context)
   at Microsoft.Extensions.DependencyInjection.ServiceLookup.CallSiteVisitor`2.VisitCallSite(ServiceCallSite callSite, TArgument argument)
   at Microsoft.Extensions.DependencyInjection.ServiceLookup.CallSiteRuntimeResolver.VisitConstructor(ConstructorCallSite constructorCallSite, RuntimeResolverContext context)
   at Microsoft.Extensions.DependencyInjection.ServiceLookup.CallSiteVisitor`2.VisitCallSiteMain(ServiceCallSite callSite, TArgument argument)
   at Microsoft.Extensions.DependencyInjection.ServiceLookup.CallSiteRuntimeResolver.VisitDisposeCache(ServiceCallSite transientCallSite, RuntimeResolverContext context)
   at Microsoft.Extensions.DependencyInjection.ServiceLookup.CallSiteVisitor`2.VisitCallSite(ServiceCallSite callSite, TArgument argument)
   at Microsoft.Extensions.DependencyInjection.ServiceLookup.CallSiteRuntimeResolver.Resolve(ServiceCallSite callSite, ServiceProviderEngineScope scope)
   at Microsoft.Extensions.DependencyInjection.ServiceLookup.DynamicServiceProviderEngine.<>c__DisplayClass1_0.<RealizeService>b__0(ServiceProviderEngineScope scope)
   at Microsoft.Extensions.DependencyInjection.ServiceLookup.ServiceProviderEngine.GetService(Type serviceType, ServiceProviderEngineScope serviceProviderEngineScope)
   at Microsoft.Extensions.DependencyInjection.ServiceLookup.ServiceProviderEngineScope.GetService(Type serviceType)
   at Microsoft.Extensions.DependencyInjection.ActivatorUtilities.GetService(IServiceProvider sp, Type type, Type requiredBy, Boolean isDefaultParameterRequired)
   at lambda_method(Closure , IServiceProvider , Object[] )
   at Microsoft.AspNetCore.Mvc.Controllers.ControllerActivatorProvider.<>c__DisplayClass4_0.<CreateActivator>b__0(ControllerContext controllerContext)
   at Microsoft.AspNetCore.Mvc.Controllers.ControllerFactoryProvider.<>c__DisplayClass5_0.<CreateControllerFactory>g__CreateController|0(ControllerContext controllerContext)
   at Microsoft.AspNetCore.Mvc.Infrastructure.ControllerActionInvoker.Next(State& next, Scope& scope, Object& state, Boolean& isCompleted)
   at Microsoft.AspNetCore.Mvc.Infrastructure.ControllerActionInvoker.InvokeInnerFilterAsync()
--- End of stack trace from previous location where exception was thrown ---
   at Microsoft.AspNetCore.Mvc.Infrastructure.ResourceInvoker.<InvokeNextResourceFilter>g__Awaited|24_0(ResourceInvoker invoker, Task lastTask, State next, Scope scope, Object state, Boolean isCompleted)
   at Microsoft.AspNetCore.Mvc.Infrastructure.ResourceInvoker.Rethrow(ResourceExecutedContextSealed context)
   at Microsoft.AspNetCore.Mvc.Infrastructure.ResourceInvoker.Next(State& next, Scope& scope, Object& state, Boolean& isCompleted)
   at Microsoft.AspNetCore.Mvc.Infrastructure.ResourceInvoker.InvokeFilterPipelineAsync()
--- End of stack trace from previous location where exception was thrown ---
   at Microsoft.AspNetCore.Mvc.Infrastructure.ResourceInvoker.<InvokeAsync>g__Logged|17_1(ResourceInvoker invoker)
   at Microsoft.AspNetCore.Builder.RouterMiddleware.Invoke(HttpContext httpContext)
   at Microsoft.AspNetCore.Diagnostics.DeveloperExceptionPageMiddleware.Invoke(HttpContext context)
2020-07-27 12:23:20,795  INFO Microsoft.AspNetCore.Hosting.Diagnostics.? [?] - MESSAGE: Request finished in 2034.4141ms 500 text/html; charset=utf-8
 2020-07-27 12:25:16,466  INFO Microsoft.Hosting.Lifetime.? [?] - MESSAGE: Application started. Press Ctrl+C to shut down.
 2020-07-27 12:25:16,479  INFO Microsoft.Hosting.Lifetime.? [?] - MESSAGE: Hosting environment: Development
 2020-07-27 12:25:16,481  INFO Microsoft.Hosting.Lifetime.? [?] - MESSAGE: Content root path: C:\MetalUp\OOPRecords\Server
 2020-07-27 12:25:16,493  INFO Microsoft.AspNetCore.Hosting.Diagnostics.? [?] - MESSAGE: Request starting HTTP/1.1 GET http://localhost:5000/  
 2020-07-27 12:25:16,575  INFO Microsoft.AspNetCore.Mvc.Infrastructure.ControllerActionInvoker.? [?] - MESSAGE: Route matched with {action = "GetHome", controller = "RestfulObjects"}. Executing controller action with signature Microsoft.AspNetCore.Mvc.ActionResult GetHome() on controller NakedObjects.Rest.App.Demo.RestfulObjectsController (RESTfulServer).
 2020-07-27 12:25:18,639  INFO Microsoft.AspNetCore.Mvc.NewtonsoftJson.NewtonsoftJsonResultExecutor.? [?] - MESSAGE: Executing JsonResult, writing value of type 'NakedObjects.Rest.Snapshot.Representations.HomePageRepresentation'.
 2020-07-27 12:25:18,745  INFO Microsoft.AspNetCore.Mvc.Infrastructure.ControllerActionInvoker.? [?] - MESSAGE: Executed action NakedObjects.Rest.App.Demo.RestfulObjectsController.GetHome (RESTfulServer) in 2164.2751ms
 2020-07-27 12:25:18,752  INFO Microsoft.AspNetCore.Hosting.Diagnostics.? [?] - MESSAGE: Request finished in 2260.3264ms 200 application/json; profile="urn:org.restfulobjects:repr-types/homepage"; charset=utf-8
 2020-07-27 12:25:28,424  INFO Microsoft.AspNetCore.Hosting.Diagnostics.? [?] - MESSAGE: Request starting HTTP/1.1 GET http://localhost:5000/menus  
 2020-07-27 12:25:28,433  INFO Microsoft.AspNetCore.Mvc.Infrastructure.ControllerActionInvoker.? [?] - MESSAGE: Route matched with {action = "GetMenus", controller = "RestfulObjects"}. Executing controller action with signature Microsoft.AspNetCore.Mvc.ActionResult GetMenus() on controller NakedObjects.Rest.App.Demo.RestfulObjectsController (RESTfulServer).
 2020-07-27 12:25:28,513  INFO Microsoft.AspNetCore.Mvc.NewtonsoftJson.NewtonsoftJsonResultExecutor.? [?] - MESSAGE: Executing JsonResult, writing value of type 'NakedObjects.Rest.Snapshot.Representations.ListRepresentation'.
 2020-07-27 12:25:28,523  INFO Microsoft.AspNetCore.Mvc.Infrastructure.ControllerActionInvoker.? [?] - MESSAGE: Executed action NakedObjects.Rest.App.Demo.RestfulObjectsController.GetMenus (RESTfulServer) in 86.0085ms
 2020-07-27 12:25:28,524  INFO Microsoft.AspNetCore.Hosting.Diagnostics.? [?] - MESSAGE: Request finished in 100.8762ms 200 application/json; profile="urn:org.restfulobjects:repr-types/list"; charset=utf-8; x-ro-element-type="System.Object"
 2020-07-27 12:25:30,649  INFO Microsoft.AspNetCore.Hosting.Diagnostics.? [?] - MESSAGE: Request starting HTTP/1.1 GET http://localhost:5000/menus/StudentRepository  
 2020-07-27 12:25:30,656  INFO Microsoft.AspNetCore.Mvc.Infrastructure.ControllerActionInvoker.? [?] - MESSAGE: Route matched with {action = "GetMenu", controller = "RestfulObjects"}. Executing controller action with signature Microsoft.AspNetCore.Mvc.ActionResult GetMenu(System.String) on controller NakedObjects.Rest.App.Demo.RestfulObjectsController (RESTfulServer).
 2020-07-27 12:25:30,731  INFO Microsoft.AspNetCore.Mvc.NewtonsoftJson.NewtonsoftJsonResultExecutor.? [?] - MESSAGE: Executing JsonResult, writing value of type 'NakedObjects.Rest.Snapshot.Representations.MenuRepresentation'.
 2020-07-27 12:25:30,746  INFO Microsoft.AspNetCore.Mvc.Infrastructure.ControllerActionInvoker.? [?] - MESSAGE: Executed action NakedObjects.Rest.App.Demo.RestfulObjectsController.GetMenu (RESTfulServer) in 89.26ms
 2020-07-27 12:25:30,748  INFO Microsoft.AspNetCore.Hosting.Diagnostics.? [?] - MESSAGE: Request finished in 99.8659ms 200 application/json; profile="urn:org.restfulobjects:repr-types/menu"; charset=utf-8
 2020-07-27 12:25:34,825  INFO Microsoft.AspNetCore.Hosting.Diagnostics.? [?] - MESSAGE: Request starting HTTP/1.1 GET http://localhost:5000/services/OOPRecords.StudentRepository/actions/AllStudents/invoke  
 2020-07-27 12:25:34,832  INFO Microsoft.AspNetCore.Mvc.Infrastructure.ControllerActionInvoker.? [?] - MESSAGE: Route matched with {action = "GetInvokeOnService", controller = "RestfulObjects"}. Executing controller action with signature Microsoft.AspNetCore.Mvc.ActionResult GetInvokeOnService(System.String, System.String, NakedObjects.Rest.Model.ArgumentMap) on controller NakedObjects.Rest.App.Demo.RestfulObjectsController (RESTfulServer).
 2020-07-27 12:25:34,882  WARN NakedObjects.Rest.App.Demo.RestfulObjectsController.? [?] - MESSAGE: Context: NakedObjects.Rest.App.Demo.RestfulObjectsController.GetInvokeOnService (RESTfulServer) State AllStudents;OOPRecords.StudentRepository;
 NakedObjects.Facade.NotAllowedNOSException: action is not side-effect free
   at NakedObjects.Facade.Impl.FrameworkFacade.VerifyActionType(IActionSpec action, MethodType methodType)
   at NakedObjects.Facade.Impl.FrameworkFacade.ExecuteAction(ActionContext actionContext, ArgumentsContextFacade arguments)
   at NakedObjects.Facade.Impl.FrameworkFacade.<>c__DisplayClass39_0.<ExecuteServiceAction>b__0()
   at NakedObjects.Facade.Impl.FrameworkFacade.MapErrors[T](Func`1 f)
   at NakedObjects.Facade.Impl.FrameworkFacade.ExecuteServiceAction(IOidTranslation serviceName, String actionName, ArgumentsContextFacade arguments)
   at NakedObjects.Rest.API.ControllerHelpers.ExecuteServiceActionAndValidate(IFrameworkFacade frameworkFacade, String serviceName, String actionName, ArgumentsContextFacade argsContext)
   at NakedObjects.Rest.RestfulObjectsControllerBase.<>c__DisplayClass117_0.<InvokeOnService>g__Execute|0()
   at NakedObjects.Rest.RestfulObjectsControllerBase.<>c__DisplayClass117_0.<InvokeOnService>b__1()
   at NakedObjects.Rest.RestfulObjectsControllerBase.InitAndHandleErrors(Func`1 f)
2020-07-27 12:25:34,917  INFO Microsoft.AspNetCore.Mvc.StatusCodeResult.? [?] - MESSAGE: Executing HttpStatusCodeResult, setting HTTP status code 405
 2020-07-27 12:25:34,919  INFO Microsoft.AspNetCore.Mvc.Infrastructure.ControllerActionInvoker.? [?] - MESSAGE: Executed action NakedObjects.Rest.App.Demo.RestfulObjectsController.GetInvokeOnService (RESTfulServer) in 85.3013ms
 2020-07-27 12:25:34,922  INFO Microsoft.AspNetCore.Hosting.Diagnostics.? [?] - MESSAGE: Request finished in 97.2811ms 405 
 2020-07-27 12:25:44,568  INFO Microsoft.AspNetCore.Hosting.Diagnostics.? [?] - MESSAGE: Request starting HTTP/1.1 GET http://localhost:5000/services/OOPRecords.StudentRepository/actions/AllStudents  
 2020-07-27 12:25:44,575  INFO Microsoft.AspNetCore.Mvc.Infrastructure.ControllerActionInvoker.? [?] - MESSAGE: Route matched with {action = "GetServiceAction", controller = "RestfulObjects"}. Executing controller action with signature Microsoft.AspNetCore.Mvc.ActionResult GetServiceAction(System.String, System.String) on controller NakedObjects.Rest.App.Demo.RestfulObjectsController (RESTfulServer).
 2020-07-27 12:25:44,586  INFO Microsoft.AspNetCore.Mvc.NewtonsoftJson.NewtonsoftJsonResultExecutor.? [?] - MESSAGE: Executing JsonResult, writing value of type 'NakedObjects.Rest.Snapshot.Representations.ActionRepresentation'.
 2020-07-27 12:25:44,592  INFO Microsoft.AspNetCore.Mvc.Infrastructure.ControllerActionInvoker.? [?] - MESSAGE: Executed action NakedObjects.Rest.App.Demo.RestfulObjectsController.GetServiceAction (RESTfulServer) in 14.6426ms
 2020-07-27 12:25:44,593  INFO Microsoft.AspNetCore.Hosting.Diagnostics.? [?] - MESSAGE: Request finished in 24.8667ms 200 application/json; profile="urn:org.restfulobjects:repr-types/object-action"; charset=utf-8
 2020-07-27 12:25:48,474  INFO Microsoft.AspNetCore.Hosting.Diagnostics.? [?] - MESSAGE: Request starting HTTP/1.1 GET http://localhost:5000/services/OOPRecords.StudentRepository/actions/AllStudents/invoke  
 2020-07-27 12:25:48,478  INFO Microsoft.AspNetCore.Mvc.Infrastructure.ControllerActionInvoker.? [?] - MESSAGE: Route matched with {action = "GetInvokeOnService", controller = "RestfulObjects"}. Executing controller action with signature Microsoft.AspNetCore.Mvc.ActionResult GetInvokeOnService(System.String, System.String, NakedObjects.Rest.Model.ArgumentMap) on controller NakedObjects.Rest.App.Demo.RestfulObjectsController (RESTfulServer).
 2020-07-27 12:25:48,483  WARN NakedObjects.Rest.App.Demo.RestfulObjectsController.? [?] - MESSAGE: Context: NakedObjects.Rest.App.Demo.RestfulObjectsController.GetInvokeOnService (RESTfulServer) State AllStudents;OOPRecords.StudentRepository;
 NakedObjects.Facade.NotAllowedNOSException: action is not side-effect free
   at NakedObjects.Facade.Impl.FrameworkFacade.VerifyActionType(IActionSpec action, MethodType methodType)
   at NakedObjects.Facade.Impl.FrameworkFacade.ExecuteAction(ActionContext actionContext, ArgumentsContextFacade arguments)
   at NakedObjects.Facade.Impl.FrameworkFacade.<>c__DisplayClass39_0.<ExecuteServiceAction>b__0()
   at NakedObjects.Facade.Impl.FrameworkFacade.MapErrors[T](Func`1 f)
   at NakedObjects.Facade.Impl.FrameworkFacade.ExecuteServiceAction(IOidTranslation serviceName, String actionName, ArgumentsContextFacade arguments)
   at NakedObjects.Rest.API.ControllerHelpers.ExecuteServiceActionAndValidate(IFrameworkFacade frameworkFacade, String serviceName, String actionName, ArgumentsContextFacade argsContext)
   at NakedObjects.Rest.RestfulObjectsControllerBase.<>c__DisplayClass117_0.<InvokeOnService>g__Execute|0()
   at NakedObjects.Rest.RestfulObjectsControllerBase.<>c__DisplayClass117_0.<InvokeOnService>b__1()
   at NakedObjects.Rest.RestfulObjectsControllerBase.InitAndHandleErrors(Func`1 f)
2020-07-27 12:25:48,485  INFO Microsoft.AspNetCore.Mvc.StatusCodeResult.? [?] - MESSAGE: Executing HttpStatusCodeResult, setting HTTP status code 405
 2020-07-27 12:25:48,487  INFO Microsoft.AspNetCore.Mvc.Infrastructure.ControllerActionInvoker.? [?] - MESSAGE: Executed action NakedObjects.Rest.App.Demo.RestfulObjectsController.GetInvokeOnService (RESTfulServer) in 6.8099ms
 2020-07-27 12:25:48,491  INFO Microsoft.AspNetCore.Hosting.Diagnostics.? [?] - MESSAGE: Request finished in 16.8898ms 405 
 2020-07-27 12:29:32,540  INFO Microsoft.Hosting.Lifetime.? [?] - MESSAGE: Application started. Press Ctrl+C to shut down.
 2020-07-27 12:29:32,553  INFO Microsoft.Hosting.Lifetime.? [?] - MESSAGE: Hosting environment: Development
 2020-07-27 12:29:32,555  INFO Microsoft.Hosting.Lifetime.? [?] - MESSAGE: Content root path: C:\MetalUp\OOPRecords\Server
 2020-07-27 12:29:32,571  INFO Microsoft.AspNetCore.Hosting.Diagnostics.? [?] - MESSAGE: Request starting HTTP/1.1 GET http://localhost:5000/  
 2020-07-27 12:29:32,665  INFO Microsoft.AspNetCore.Mvc.Infrastructure.ControllerActionInvoker.? [?] - MESSAGE: Route matched with {action = "GetHome", controller = "RestfulObjects"}. Executing controller action with signature Microsoft.AspNetCore.Mvc.ActionResult GetHome() on controller NakedObjects.Rest.App.Demo.RestfulObjectsController (RESTfulServer).
 2020-07-27 12:29:34,604  INFO Microsoft.AspNetCore.Mvc.NewtonsoftJson.NewtonsoftJsonResultExecutor.? [?] - MESSAGE: Executing JsonResult, writing value of type 'NakedObjects.Rest.Snapshot.Representations.HomePageRepresentation'.
 2020-07-27 12:29:34,698  INFO Microsoft.AspNetCore.Mvc.Infrastructure.ControllerActionInvoker.? [?] - MESSAGE: Executed action NakedObjects.Rest.App.Demo.RestfulObjectsController.GetHome (RESTfulServer) in 2027.5374ms
 2020-07-27 12:29:34,706  INFO Microsoft.AspNetCore.Hosting.Diagnostics.? [?] - MESSAGE: Request finished in 2138.339ms 200 application/json; profile="urn:org.restfulobjects:repr-types/homepage"; charset=utf-8
 2020-07-27 12:29:38,101  INFO Microsoft.AspNetCore.Hosting.Diagnostics.? [?] - MESSAGE: Request starting HTTP/1.1 GET http://localhost:5000/menus  
 2020-07-27 12:29:38,110  INFO Microsoft.AspNetCore.Mvc.Infrastructure.ControllerActionInvoker.? [?] - MESSAGE: Route matched with {action = "GetMenus", controller = "RestfulObjects"}. Executing controller action with signature Microsoft.AspNetCore.Mvc.ActionResult GetMenus() on controller NakedObjects.Rest.App.Demo.RestfulObjectsController (RESTfulServer).
 2020-07-27 12:29:38,181  INFO Microsoft.AspNetCore.Mvc.NewtonsoftJson.NewtonsoftJsonResultExecutor.? [?] - MESSAGE: Executing JsonResult, writing value of type 'NakedObjects.Rest.Snapshot.Representations.ListRepresentation'.
 2020-07-27 12:29:38,191  INFO Microsoft.AspNetCore.Mvc.Infrastructure.ControllerActionInvoker.? [?] - MESSAGE: Executed action NakedObjects.Rest.App.Demo.RestfulObjectsController.GetMenus (RESTfulServer) in 78.9937ms
 2020-07-27 12:29:38,193  INFO Microsoft.AspNetCore.Hosting.Diagnostics.? [?] - MESSAGE: Request finished in 91.7962ms 200 application/json; profile="urn:org.restfulobjects:repr-types/list"; charset=utf-8; x-ro-element-type="System.Object"
 2020-07-27 12:29:39,642  INFO Microsoft.AspNetCore.Hosting.Diagnostics.? [?] - MESSAGE: Request starting HTTP/1.1 GET http://localhost:5000/menus/StudentRepository  
 2020-07-27 12:29:39,651  INFO Microsoft.AspNetCore.Mvc.Infrastructure.ControllerActionInvoker.? [?] - MESSAGE: Route matched with {action = "GetMenu", controller = "RestfulObjects"}. Executing controller action with signature Microsoft.AspNetCore.Mvc.ActionResult GetMenu(System.String) on controller NakedObjects.Rest.App.Demo.RestfulObjectsController (RESTfulServer).
 2020-07-27 12:29:39,726  INFO Microsoft.AspNetCore.Mvc.NewtonsoftJson.NewtonsoftJsonResultExecutor.? [?] - MESSAGE: Executing JsonResult, writing value of type 'NakedObjects.Rest.Snapshot.Representations.MenuRepresentation'.
 2020-07-27 12:29:39,759  INFO Microsoft.AspNetCore.Mvc.Infrastructure.ControllerActionInvoker.? [?] - MESSAGE: Executed action NakedObjects.Rest.App.Demo.RestfulObjectsController.GetMenu (RESTfulServer) in 106.4902ms
 2020-07-27 12:29:39,762  INFO Microsoft.AspNetCore.Hosting.Diagnostics.? [?] - MESSAGE: Request finished in 119.7739ms 200 application/json; profile="urn:org.restfulobjects:repr-types/menu"; charset=utf-8
 2020-07-27 12:30:43,379  INFO Microsoft.Hosting.Lifetime.? [?] - MESSAGE: Application started. Press Ctrl+C to shut down.
 2020-07-27 12:30:43,391  INFO Microsoft.Hosting.Lifetime.? [?] - MESSAGE: Hosting environment: Development
 2020-07-27 12:30:43,393  INFO Microsoft.Hosting.Lifetime.? [?] - MESSAGE: Content root path: C:\MetalUp\OOPRecords\Server
 2020-07-27 12:30:43,407  INFO Microsoft.AspNetCore.Hosting.Diagnostics.? [?] - MESSAGE: Request starting HTTP/1.1 GET http://localhost:5000/  
 2020-07-27 12:30:43,489  INFO Microsoft.AspNetCore.Mvc.Infrastructure.ControllerActionInvoker.? [?] - MESSAGE: Route matched with {action = "GetHome", controller = "RestfulObjects"}. Executing controller action with signature Microsoft.AspNetCore.Mvc.ActionResult GetHome() on controller NakedObjects.Rest.App.Demo.RestfulObjectsController (RESTfulServer).
 2020-07-27 12:30:45,461  INFO Microsoft.AspNetCore.Mvc.NewtonsoftJson.NewtonsoftJsonResultExecutor.? [?] - MESSAGE: Executing JsonResult, writing value of type 'NakedObjects.Rest.Snapshot.Representations.HomePageRepresentation'.
 2020-07-27 12:30:45,553  INFO Microsoft.AspNetCore.Mvc.Infrastructure.ControllerActionInvoker.? [?] - MESSAGE: Executed action NakedObjects.Rest.App.Demo.RestfulObjectsController.GetHome (RESTfulServer) in 2058.5275ms
 2020-07-27 12:30:45,560  INFO Microsoft.AspNetCore.Hosting.Diagnostics.? [?] - MESSAGE: Request finished in 2155.2205ms 200 application/json; profile="urn:org.restfulobjects:repr-types/homepage"; charset=utf-8
 2020-07-27 12:30:48,184  INFO Microsoft.AspNetCore.Hosting.Diagnostics.? [?] - MESSAGE: Request starting HTTP/1.1 GET http://localhost:5000/menus  
 2020-07-27 12:30:48,195  INFO Microsoft.AspNetCore.Mvc.Infrastructure.ControllerActionInvoker.? [?] - MESSAGE: Route matched with {action = "GetMenus", controller = "RestfulObjects"}. Executing controller action with signature Microsoft.AspNetCore.Mvc.ActionResult GetMenus() on controller NakedObjects.Rest.App.Demo.RestfulObjectsController (RESTfulServer).
 2020-07-27 12:30:48,266  INFO Microsoft.AspNetCore.Mvc.NewtonsoftJson.NewtonsoftJsonResultExecutor.? [?] - MESSAGE: Executing JsonResult, writing value of type 'NakedObjects.Rest.Snapshot.Representations.ListRepresentation'.
 2020-07-27 12:30:48,277  INFO Microsoft.AspNetCore.Mvc.Infrastructure.ControllerActionInvoker.? [?] - MESSAGE: Executed action NakedObjects.Rest.App.Demo.RestfulObjectsController.GetMenus (RESTfulServer) in 79.8214ms
 2020-07-27 12:30:48,279  INFO Microsoft.AspNetCore.Hosting.Diagnostics.? [?] - MESSAGE: Request finished in 94.7611ms 200 application/json; profile="urn:org.restfulobjects:repr-types/list"; charset=utf-8; x-ro-element-type="System.Object"
 2020-07-27 12:30:49,281  INFO Microsoft.AspNetCore.Hosting.Diagnostics.? [?] - MESSAGE: Request starting HTTP/1.1 GET http://localhost:5000/menus/StudentRepository  
 2020-07-27 12:30:49,292  INFO Microsoft.AspNetCore.Mvc.Infrastructure.ControllerActionInvoker.? [?] - MESSAGE: Route matched with {action = "GetMenu", controller = "RestfulObjects"}. Executing controller action with signature Microsoft.AspNetCore.Mvc.ActionResult GetMenu(System.String) on controller NakedObjects.Rest.App.Demo.RestfulObjectsController (RESTfulServer).
 2020-07-27 12:30:49,368  INFO Microsoft.AspNetCore.Mvc.NewtonsoftJson.NewtonsoftJsonResultExecutor.? [?] - MESSAGE: Executing JsonResult, writing value of type 'NakedObjects.Rest.Snapshot.Representations.MenuRepresentation'.
 2020-07-27 12:30:49,383  INFO Microsoft.AspNetCore.Mvc.Infrastructure.ControllerActionInvoker.? [?] - MESSAGE: Executed action NakedObjects.Rest.App.Demo.RestfulObjectsController.GetMenu (RESTfulServer) in 89.0285ms
 2020-07-27 12:30:49,386  INFO Microsoft.AspNetCore.Hosting.Diagnostics.? [?] - MESSAGE: Request finished in 105.0318ms 200 application/json; profile="urn:org.restfulobjects:repr-types/menu"; charset=utf-8
 2020-07-27 12:30:52,242  INFO Microsoft.AspNetCore.Hosting.Diagnostics.? [?] - MESSAGE: Request starting HTTP/1.1 GET http://localhost:5000/services/OOPRecords.StudentRepository/actions/AllStudents/invoke  
 2020-07-27 12:30:52,249  INFO Microsoft.AspNetCore.Mvc.Infrastructure.ControllerActionInvoker.? [?] - MESSAGE: Route matched with {action = "GetInvokeOnService", controller = "RestfulObjects"}. Executing controller action with signature Microsoft.AspNetCore.Mvc.ActionResult GetInvokeOnService(System.String, System.String, NakedObjects.Rest.Model.ArgumentMap) on controller NakedObjects.Rest.App.Demo.RestfulObjectsController (RESTfulServer).
 2020-07-27 13:12:07,125  INFO Microsoft.Hosting.Lifetime.? [?] - MESSAGE: Application started. Press Ctrl+C to shut down.
 2020-07-27 13:12:07,157  INFO Microsoft.Hosting.Lifetime.? [?] - MESSAGE: Hosting environment: Development
 2020-07-27 13:12:07,159  INFO Microsoft.Hosting.Lifetime.? [?] - MESSAGE: Content root path: C:\MetalUp\OOPRecords\Server
 2020-07-27 13:12:07,175  INFO Microsoft.AspNetCore.Hosting.Diagnostics.? [?] - MESSAGE: Request starting HTTP/1.1 GET http://localhost:5000/  
 2020-07-27 13:12:07,275  INFO Microsoft.AspNetCore.Mvc.Infrastructure.ControllerActionInvoker.? [?] - MESSAGE: Route matched with {action = "GetHome", controller = "RestfulObjects"}. Executing controller action with signature Microsoft.AspNetCore.Mvc.ActionResult GetHome() on controller NakedObjects.Rest.App.Demo.RestfulObjectsController (RESTfulServer).
 2020-07-27 13:12:09,926  INFO Microsoft.AspNetCore.Mvc.NewtonsoftJson.NewtonsoftJsonResultExecutor.? [?] - MESSAGE: Executing JsonResult, writing value of type 'NakedObjects.Rest.Snapshot.Representations.HomePageRepresentation'.
 2020-07-27 13:12:10,024  INFO Microsoft.AspNetCore.Mvc.Infrastructure.ControllerActionInvoker.? [?] - MESSAGE: Executed action NakedObjects.Rest.App.Demo.RestfulObjectsController.GetHome (RESTfulServer) in 2745.2793ms
 2020-07-27 13:12:10,031  INFO Microsoft.AspNetCore.Hosting.Diagnostics.? [?] - MESSAGE: Request finished in 2858.0321ms 200 application/json; profile="urn:org.restfulobjects:repr-types/homepage"; charset=utf-8
 2020-07-27 13:12:56,143  INFO Microsoft.Hosting.Lifetime.? [?] - MESSAGE: Application started. Press Ctrl+C to shut down.
 2020-07-27 13:12:56,156  INFO Microsoft.Hosting.Lifetime.? [?] - MESSAGE: Hosting environment: Development
 2020-07-27 13:12:56,157  INFO Microsoft.Hosting.Lifetime.? [?] - MESSAGE: Content root path: C:\MetalUp\OOPRecords\Server
 2020-07-27 13:12:56,171  INFO Microsoft.AspNetCore.Hosting.Diagnostics.? [?] - MESSAGE: Request starting HTTP/1.1 GET http://localhost:5000/  
 2020-07-27 13:12:56,264  INFO Microsoft.AspNetCore.Mvc.Infrastructure.ControllerActionInvoker.? [?] - MESSAGE: Route matched with {action = "GetHome", controller = "RestfulObjects"}. Executing controller action with signature Microsoft.AspNetCore.Mvc.ActionResult GetHome() on controller NakedObjects.Rest.App.Demo.RestfulObjectsController (RESTfulServer).
 2020-07-27 13:12:58,246  INFO Microsoft.AspNetCore.Mvc.NewtonsoftJson.NewtonsoftJsonResultExecutor.? [?] - MESSAGE: Executing JsonResult, writing value of type 'NakedObjects.Rest.Snapshot.Representations.HomePageRepresentation'.
 2020-07-27 13:12:58,338  INFO Microsoft.AspNetCore.Mvc.Infrastructure.ControllerActionInvoker.? [?] - MESSAGE: Executed action NakedObjects.Rest.App.Demo.RestfulObjectsController.GetHome (RESTfulServer) in 2069.2957ms
 2020-07-27 13:12:58,346  INFO Microsoft.AspNetCore.Hosting.Diagnostics.? [?] - MESSAGE: Request finished in 2177.5453ms 200 application/json; profile="urn:org.restfulobjects:repr-types/homepage"; charset=utf-8
 2020-07-27 13:13:00,297  INFO Microsoft.AspNetCore.Hosting.Diagnostics.? [?] - MESSAGE: Request starting HTTP/1.1 GET http://localhost:5000/menus  
 2020-07-27 13:13:00,303  INFO Microsoft.AspNetCore.Mvc.Infrastructure.ControllerActionInvoker.? [?] - MESSAGE: Route matched with {action = "GetMenus", controller = "RestfulObjects"}. Executing controller action with signature Microsoft.AspNetCore.Mvc.ActionResult GetMenus() on controller NakedObjects.Rest.App.Demo.RestfulObjectsController (RESTfulServer).
 2020-07-27 13:13:00,379  INFO Microsoft.AspNetCore.Mvc.NewtonsoftJson.NewtonsoftJsonResultExecutor.? [?] - MESSAGE: Executing JsonResult, writing value of type 'NakedObjects.Rest.Snapshot.Representations.ListRepresentation'.
 2020-07-27 13:13:00,389  INFO Microsoft.AspNetCore.Mvc.Infrastructure.ControllerActionInvoker.? [?] - MESSAGE: Executed action NakedObjects.Rest.App.Demo.RestfulObjectsController.GetMenus (RESTfulServer) in 83.4915ms
 2020-07-27 13:13:00,391  INFO Microsoft.AspNetCore.Hosting.Diagnostics.? [?] - MESSAGE: Request finished in 94.4331ms 200 application/json; profile="urn:org.restfulobjects:repr-types/list"; charset=utf-8; x-ro-element-type="System.Object"
 2020-07-27 13:13:01,664  INFO Microsoft.AspNetCore.Hosting.Diagnostics.? [?] - MESSAGE: Request starting HTTP/1.1 GET http://localhost:5000/menus/StudentRepository  
 2020-07-27 13:13:01,670  INFO Microsoft.AspNetCore.Mvc.Infrastructure.ControllerActionInvoker.? [?] - MESSAGE: Route matched with {action = "GetMenu", controller = "RestfulObjects"}. Executing controller action with signature Microsoft.AspNetCore.Mvc.ActionResult GetMenu(System.String) on controller NakedObjects.Rest.App.Demo.RestfulObjectsController (RESTfulServer).
 2020-07-27 13:13:01,748  INFO Microsoft.AspNetCore.Mvc.NewtonsoftJson.NewtonsoftJsonResultExecutor.? [?] - MESSAGE: Executing JsonResult, writing value of type 'NakedObjects.Rest.Snapshot.Representations.MenuRepresentation'.
 2020-07-27 13:13:01,761  INFO Microsoft.AspNetCore.Mvc.Infrastructure.ControllerActionInvoker.? [?] - MESSAGE: Executed action NakedObjects.Rest.App.Demo.RestfulObjectsController.GetMenu (RESTfulServer) in 89.1911ms
 2020-07-27 13:13:01,763  INFO Microsoft.AspNetCore.Hosting.Diagnostics.? [?] - MESSAGE: Request finished in 99.4602ms 200 application/json; profile="urn:org.restfulobjects:repr-types/menu"; charset=utf-8
 2020-07-27 13:13:03,528  INFO Microsoft.AspNetCore.Hosting.Diagnostics.? [?] - MESSAGE: Request starting HTTP/1.1 GET http://localhost:5000/services/OOPRecords.StudentRepository/actions/AllStudents/invoke  
 2020-07-27 13:13:03,536  INFO Microsoft.AspNetCore.Mvc.Infrastructure.ControllerActionInvoker.? [?] - MESSAGE: Route matched with {action = "GetInvokeOnService", controller = "RestfulObjects"}. Executing controller action with signature Microsoft.AspNetCore.Mvc.ActionResult GetInvokeOnService(System.String, System.String, NakedObjects.Rest.Model.ArgumentMap) on controller NakedObjects.Rest.App.Demo.RestfulObjectsController (RESTfulServer).
 2020-07-27 13:13:03,589  INFO NakedObjects.Facade.Impl.FrameworkFacade.? [?] - MESSAGE: Creating hash for: NakedObjects.Core.Adapter.CollectionMemento raw values: UserName: hash: 1234
 2020-07-27 13:13:03,753  INFO Microsoft.AspNetCore.Mvc.NewtonsoftJson.NewtonsoftJsonResultExecutor.? [?] - MESSAGE: Executing JsonResult, writing value of type 'NakedObjects.Snapshot.Rest.Representations.3514705584146990316'.
 2020-07-27 13:13:03,761  INFO Microsoft.AspNetCore.Mvc.Infrastructure.ControllerActionInvoker.? [?] - MESSAGE: Executed action NakedObjects.Rest.App.Demo.RestfulObjectsController.GetInvokeOnService (RESTfulServer) in 223.2022ms
 2020-07-27 13:13:03,763  INFO Microsoft.AspNetCore.Hosting.Diagnostics.? [?] - MESSAGE: Request finished in 234.7192ms 200 application/json; profile="urn:org.restfulobjects:repr-types/action-result"; charset=utf-8; x-ro-element-type="OOPRecords.Student"
 2020-07-27 13:13:06,200  INFO Microsoft.AspNetCore.Hosting.Diagnostics.? [?] - MESSAGE: Request starting HTTP/1.1 GET http://localhost:5000/objects/OOPRecords.Student/2  
 2020-07-27 13:13:06,209  INFO Microsoft.AspNetCore.Mvc.Infrastructure.ControllerActionInvoker.? [?] - MESSAGE: Route matched with {action = "GetObject", controller = "RestfulObjects"}. Executing controller action with signature Microsoft.AspNetCore.Mvc.ActionResult GetObject(System.String, System.String) on controller NakedObjects.Rest.App.Demo.RestfulObjectsController (RESTfulServer).
 2020-07-27 13:13:06,330  INFO Microsoft.AspNetCore.Mvc.NewtonsoftJson.NewtonsoftJsonResultExecutor.? [?] - MESSAGE: Executing JsonResult, writing value of type 'NakedObjects.Snapshot.Rest.Representations.8115843264825633370'.
 2020-07-27 13:13:06,356  INFO Microsoft.AspNetCore.Mvc.Infrastructure.ControllerActionInvoker.? [?] - MESSAGE: Executed action NakedObjects.Rest.App.Demo.RestfulObjectsController.GetObject (RESTfulServer) in 143.7596ms
 2020-07-27 13:13:06,358  INFO Microsoft.AspNetCore.Hosting.Diagnostics.? [?] - MESSAGE: Request finished in 158.2391ms 200 application/json; profile="urn:org.restfulobjects:repr-types/object"; charset=utf-8; x-ro-domain-type="OOPRecords.Student"
 