2020-08-17 16:15:08,963  INFO Microsoft.AspNetCore.Hosting.Diagnostics.? [?] - MESSAGE: Request starting HTTP/1.1 OPTIONS http://localhost:5000/menus  
 2020-08-17 16:15:08,967  INFO Microsoft.AspNetCore.Mvc.NewtonsoftJson.NewtonsoftJsonResultExecutor.? [?] - MESSAGE: Executing JsonResult, writing value of type 'NakedObjects.Rest.Snapshot.Representations.HomePageRepresentation'.
 2020-08-17 16:15:08,987  INFO Microsoft.AspNetCore.Cors.Infrastructure.CorsService.? [?] - MESSAGE: CORS policy execution successful.
 2020-08-17 16:15:08,990  INFO Microsoft.AspNetCore.Hosting.Diagnostics.? [?] - MESSAGE: Request finished in 27.5322ms 204 
 2020-08-17 16:15:08,993  INFO Microsoft.AspNetCore.Mvc.Infrastructure.ControllerActionInvoker.? [?] - MESSAGE: Executed action NakedObjects.Rest.App.Demo.RestfulObjectsController.GetHome (OOPRecords.Server) in 29.7923ms
 2020-08-17 16:15:08,998  INFO Microsoft.AspNetCore.Hosting.Diagnostics.? [?] - MESSAGE: Request starting HTTP/1.1 GET http://localhost:5000/menus application/json 
 2020-08-17 16:15:09,000  INFO Microsoft.AspNetCore.Hosting.Diagnostics.? [?] - MESSAGE: Request finished in 48.4464ms 200 application/json; profile="urn:org.restfulobjects:repr-types/homepage"; charset=utf-8
 2020-08-17 16:15:09,002  INFO Microsoft.AspNetCore.Cors.Infrastructure.CorsService.? [?] - MESSAGE: CORS policy execution successful.
 2020-08-17 16:15:09,011  INFO Microsoft.AspNetCore.Hosting.Diagnostics.? [?] - MESSAGE: Request starting HTTP/1.1 OPTIONS http://localhost:5000/user  
 2020-08-17 16:15:09,014  INFO Microsoft.AspNetCore.Cors.Infrastructure.CorsService.? [?] - MESSAGE: CORS policy execution successful.
 2020-08-17 16:15:09,017  INFO Microsoft.AspNetCore.Hosting.Diagnostics.? [?] - MESSAGE: Request finished in 5.2259ms 204 
 2020-08-17 16:15:09,019  INFO Microsoft.AspNetCore.Mvc.Infrastructure.ControllerActionInvoker.? [?] - MESSAGE: Route matched with {action = "GetMenus", controller = "RestfulObjects"}. Executing controller action with signature Microsoft.AspNetCore.Mvc.ActionResult GetMenus() on controller NakedObjects.Rest.App.Demo.RestfulObjectsController (OOPRecords.Server).
 2020-08-17 16:15:09,020  INFO Microsoft.AspNetCore.Hosting.Diagnostics.? [?] - MESSAGE: Request starting HTTP/1.1 GET http://localhost:5000/user application/json 
 2020-08-17 16:15:09,027  INFO Microsoft.AspNetCore.Cors.Infrastructure.CorsService.? [?] - MESSAGE: CORS policy execution successful.
 2020-08-17 16:15:09,032  INFO Microsoft.AspNetCore.Mvc.Infrastructure.ControllerActionInvoker.? [?] - MESSAGE: Route matched with {action = "GetUser", controller = "RestfulObjects"}. Executing controller action with signature Microsoft.AspNetCore.Mvc.ActionResult GetUser() on controller NakedObjects.Rest.App.Demo.RestfulObjectsController (OOPRecords.Server).
 2020-08-17 16:15:09,053  INFO Microsoft.AspNetCore.Mvc.NewtonsoftJson.NewtonsoftJsonResultExecutor.? [?] - MESSAGE: Executing JsonResult, writing value of type 'NakedObjects.Rest.Snapshot.Representations.UserRepresentation'.
 2020-08-17 16:15:09,058  INFO Microsoft.AspNetCore.Mvc.Infrastructure.ControllerActionInvoker.? [?] - MESSAGE: Executed action NakedObjects.Rest.App.Demo.RestfulObjectsController.GetUser (OOPRecords.Server) in 23.2352ms
 2020-08-17 16:15:09,060  INFO Microsoft.AspNetCore.Hosting.Diagnostics.? [?] - MESSAGE: Request finished in 39.6071ms 200 application/json; profile="urn:org.restfulobjects:repr-types/user"; charset=utf-8
 2020-08-17 16:15:09,141  INFO Microsoft.AspNetCore.Mvc.NewtonsoftJson.NewtonsoftJsonResultExecutor.? [?] - MESSAGE: Executing JsonResult, writing value of type 'NakedObjects.Rest.Snapshot.Representations.ListRepresentation'.
 2020-08-17 16:15:09,151  INFO Microsoft.AspNetCore.Mvc.Infrastructure.ControllerActionInvoker.? [?] - MESSAGE: Executed action NakedObjects.Rest.App.Demo.RestfulObjectsController.GetMenus (OOPRecords.Server) in 126.6368ms
 2020-08-17 16:15:09,153  INFO Microsoft.AspNetCore.Hosting.Diagnostics.? [?] - MESSAGE: Request finished in 155.369ms 200 application/json; profile="urn:org.restfulobjects:repr-types/list"; charset=utf-8; x-ro-element-type="System.Object"
 2020-08-17 16:15:10,994  INFO Microsoft.AspNetCore.Hosting.Diagnostics.? [?] - MESSAGE: Request starting HTTP/1.1 OPTIONS http://localhost:5000/menus/StudentRepository  
 2020-08-17 16:15:10,997  INFO Microsoft.AspNetCore.Cors.Infrastructure.CorsService.? [?] - MESSAGE: CORS policy execution successful.
 2020-08-17 16:15:11,001  INFO Microsoft.AspNetCore.Hosting.Diagnostics.? [?] - MESSAGE: Request finished in 6.1253ms 204 
 2020-08-17 16:15:11,004  INFO Microsoft.AspNetCore.Hosting.Diagnostics.? [?] - MESSAGE: Request starting HTTP/1.1 GET http://localhost:5000/menus/StudentRepository application/json 
 2020-08-17 16:15:11,009  INFO Microsoft.AspNetCore.Cors.Infrastructure.CorsService.? [?] - MESSAGE: CORS policy execution successful.
 2020-08-17 16:15:11,015  INFO Microsoft.AspNetCore.Mvc.Infrastructure.ControllerActionInvoker.? [?] - MESSAGE: Route matched with {action = "GetMenu", controller = "RestfulObjects"}. Executing controller action with signature Microsoft.AspNetCore.Mvc.ActionResult GetMenu(System.String) on controller NakedObjects.Rest.App.Demo.RestfulObjectsController (OOPRecords.Server).
 2020-08-17 16:15:11,079  INFO Microsoft.AspNetCore.Mvc.NewtonsoftJson.NewtonsoftJsonResultExecutor.? [?] - MESSAGE: Executing JsonResult, writing value of type 'NakedObjects.Rest.Snapshot.Representations.MenuRepresentation'.
 2020-08-17 16:15:11,091  INFO Microsoft.AspNetCore.Mvc.Infrastructure.ControllerActionInvoker.? [?] - MESSAGE: Executed action NakedObjects.Rest.App.Demo.RestfulObjectsController.GetMenu (OOPRecords.Server) in 74.3153ms
 2020-08-17 16:15:11,093  INFO Microsoft.AspNetCore.Hosting.Diagnostics.? [?] - MESSAGE: Request finished in 88.8623ms 200 application/json; profile="urn:org.restfulobjects:repr-types/menu"; charset=utf-8
 2020-08-17 16:15:12,061  INFO Microsoft.AspNetCore.Hosting.Diagnostics.? [?] - MESSAGE: Request starting HTTP/1.1 OPTIONS http://localhost:5000/services/OOPRecords.Model.StudentRepository/actions/AllStudents/invoke?x-ro-inline-property-details=false  
 2020-08-17 16:15:12,065  INFO Microsoft.AspNetCore.Cors.Infrastructure.CorsService.? [?] - MESSAGE: CORS policy execution successful.
 2020-08-17 16:15:12,067  INFO Microsoft.AspNetCore.Hosting.Diagnostics.? [?] - MESSAGE: Request finished in 5.2598ms 204 
 2020-08-17 16:15:12,069  INFO Microsoft.AspNetCore.Hosting.Diagnostics.? [?] - MESSAGE: Request starting HTTP/1.1 GET http://localhost:5000/services/OOPRecords.Model.StudentRepository/actions/AllStudents/invoke?x-ro-inline-property-details=false application/json 
 2020-08-17 16:15:12,070  INFO Microsoft.AspNetCore.Cors.Infrastructure.CorsService.? [?] - MESSAGE: CORS policy execution successful.
 2020-08-17 16:15:12,076  INFO Microsoft.AspNetCore.Mvc.Infrastructure.ControllerActionInvoker.? [?] - MESSAGE: Route matched with {action = "GetInvokeOnService", controller = "RestfulObjects"}. Executing controller action with signature Microsoft.AspNetCore.Mvc.ActionResult GetInvokeOnService(System.String, System.String, NakedObjects.Rest.Model.ArgumentMap) on controller NakedObjects.Rest.App.Demo.RestfulObjectsController (OOPRecords.Server).
 2020-08-17 16:15:12,144  INFO NakedObjects.Facade.Impl.FrameworkFacade.? [?] - MESSAGE: Creating hash for: NakedObjects.Core.Adapter.CollectionMemento raw values: UserName: hash: 1234
 2020-08-17 16:15:12,586 ERROR NakedObjects.Rest.App.Demo.RestfulObjectsController.? [?] - MESSAGE: Context: NakedObjects.Rest.App.Demo.RestfulObjectsController.GetInvokeOnService (OOPRecords.Server) State AllStudents;OOPRecords.Model.StudentRepository;false;
 NakedObjects.Facade.GeneralErrorNOSException: System.Data.Entity.DynamicProxies.Student_605A450773454EC495139B2D5D884BF93E33AD5DD3E19D2F3A105CC9D36B6F48 is not a IEntityWithChangeTracker (all properties must be made virtual/Overrideable and all collection properties should be of type ICollection<T>)
 ---> System.Reflection.TargetInvocationException: Exception has been thrown by the target of an invocation.
 ---> NakedObjects.Core.NakedObjectSystemException: System.Data.Entity.DynamicProxies.Student_605A450773454EC495139B2D5D884BF93E33AD5DD3E19D2F3A105CC9D36B6F48 is not a IEntityWithChangeTracker (all properties must be made virtual/Overrideable and all collection properties should be of type ICollection<T>)
   at NakedObjects.Persistor.Entity.Component.EntityObjectStore.CheckProxies(Object objectToCheck)
   at NakedObjects.Persistor.Entity.Component.EntityObjectStore.LoadObjectIntoNakedObjectsFramework(Object domainObject, LocalContext context)
   at NakedObjects.Persistor.Entity.Component.EntityObjectStore.<>c__DisplayClass73_0.<PrepareContextForNewTransaction>b__0(Object obj, CollectionChangeEventArgs args)
   at System.Data.Entity.Core.Objects.ObjectStateManager.OnObjectStateManagerChanged(CollectionChangeAction action, Object entity)
   at System.Data.Entity.Core.Objects.ObjectStateManager.AddEntry(IEntityWrapper wrappedObject, EntityKey passedKey, EntitySet entitySet, String argumentName, Boolean isAdded)
   at System.Data.Entity.Core.Common.Internal.Materialization.Shaper.HandleEntityAppendOnly[TEntity](Func`2 constructEntityDelegate, EntityKey entityKey, EntitySet entitySet)
   at lambda_method(Closure , Shaper )
   at System.Data.Entity.Core.Common.Internal.Materialization.Coordinator`1.ReadNextElement(Shaper shaper)
   at System.Data.Entity.Core.Common.Internal.Materialization.Shaper`1.SimpleEnumerator.MoveNext()
   at System.Data.Entity.Internal.LazyEnumerator`1.MoveNext()
   at System.Collections.Generic.List`1..ctor(IEnumerable`1 collection)
   at System.Linq.Enumerable.ToList[TSource](IEnumerable`1 source)
   at NakedObjects.Meta.Facet.GenericIQueryableFacet.PageInternal[T](Int32 page, Int32 size, INakedObjectAdapter collection, INakedObjectManager manager, Boolean forceEnumerable)
   --- End of inner exception stack trace ---
   at System.RuntimeMethodHandle.InvokeMethod(Object target, Object[] arguments, Signature sig, Boolean constructor, Boolean wrapExceptions)
   at System.Reflection.RuntimeMethodInfo.Invoke(Object obj, BindingFlags invokeAttr, Binder binder, Object[] parameters, CultureInfo culture)
   at System.Reflection.MethodBase.Invoke(Object obj, Object[] parameters)
   at NakedObjects.Meta.Facet.CollectionFacetAbstract.Call(String name, INakedObjectAdapter collection, Object[] pp)
   at NakedObjects.Meta.Facet.GenericIQueryableFacet.Page(Int32 page, Int32 size, INakedObjectAdapter collection, INakedObjectManager manager, Boolean forceEnumerable)
   at NakedObjects.Facade.Impl.ObjectFacade.Page(INakedObjectAdapter objectRepresentingCollection, Int32 page, Int32 size, Boolean forceEnumerable)
   at NakedObjects.Facade.Impl.ObjectFacade.Page(Int32 page, Int32 size, Boolean forceEnumerable)
   at NakedObjects.Rest.Snapshot.Representations.PagedListRepresentation.Page(ObjectContextFacade objectContext, RestControlFlags flags, ActionContextFacade actionContext)
   at NakedObjects.Rest.Snapshot.Representations.PagedListRepresentation..ctor(IOidStrategy oidStrategy, ObjectContextFacade objectContext, HttpRequest req, RestControlFlags flags, ActionContextFacade actionContext)
   at NakedObjects.Rest.Snapshot.Representations.PagedListRepresentation.Create(IOidStrategy oidStrategy, ActionResultContextFacade actionResultContext, HttpRequest req, RestControlFlags flags)
   at NakedObjects.Rest.Snapshot.Representations.ActionResultRepresentation.Create(IOidStrategy oidStrategy, HttpRequest req, ActionResultContextFacade actionResult, RestControlFlags flags)
   at NakedObjects.Rest.Snapshot.Utility.RestSnapshot.<>c__DisplayClass11_0.<.ctor>b__0(ILogger logger)
   at NakedObjects.Rest.Snapshot.Utility.RestSnapshot.Populate(ILogger logger)
   --- End of inner exception stack trace ---
   at NakedObjects.Rest.Snapshot.Utility.RestSnapshot.Populate(ILogger logger)
   at NakedObjects.Rest.RestfulObjectsControllerBase.RepresentationResult(RestSnapshot ss)
   at NakedObjects.Rest.RestfulObjectsControllerBase.InitAndHandleErrors(Func`1 f)
2020-08-17 16:15:12,663  INFO Microsoft.AspNetCore.Mvc.NewtonsoftJson.NewtonsoftJsonResultExecutor.? [?] - MESSAGE: Executing JsonResult, writing value of type 'NakedObjects.Rest.Snapshot.Representations.ErrorRepresentation'.
 2020-08-17 16:15:12,669  INFO Microsoft.AspNetCore.Mvc.Infrastructure.ControllerActionInvoker.? [?] - MESSAGE: Executed action NakedObjects.Rest.App.Demo.RestfulObjectsController.GetInvokeOnService (OOPRecords.Server) in 589.4454ms
 2020-08-17 16:15:12,671  INFO Microsoft.AspNetCore.Hosting.Diagnostics.? [?] - MESSAGE: Request finished in 602.5588ms 500 application/json; profile="urn:org.restfulobjects:repr-types/error"; charset=utf-8
 2020-08-17 16:15:45,082  INFO Microsoft.Hosting.Lifetime.? [?] - MESSAGE: Application started. Press Ctrl+C to shut down.
 2020-08-17 16:15:45,094  INFO Microsoft.Hosting.Lifetime.? [?] - MESSAGE: Hosting environment: Development
 2020-08-17 16:15:45,096  INFO Microsoft.Hosting.Lifetime.? [?] - MESSAGE: Content root path: C:\MetalUp\OOPRecords\OOPRecords.Server
 2020-08-17 16:15:45,109  INFO Microsoft.AspNetCore.Hosting.Diagnostics.? [?] - MESSAGE: Request starting HTTP/1.1 GET http://localhost:5000/  
 2020-08-17 16:15:45,192  INFO Microsoft.AspNetCore.Mvc.Infrastructure.ControllerActionInvoker.? [?] - MESSAGE: Route matched with {action = "GetHome", controller = "RestfulObjects"}. Executing controller action with signature Microsoft.AspNetCore.Mvc.ActionResult GetHome() on controller NakedObjects.Rest.App.Demo.RestfulObjectsController (OOPRecords.Server).
 2020-08-17 16:15:51,990  INFO Microsoft.AspNetCore.Mvc.NewtonsoftJson.NewtonsoftJsonResultExecutor.? [?] - MESSAGE: Executing JsonResult, writing value of type 'NakedObjects.Rest.Snapshot.Representations.HomePageRepresentation'.
 2020-08-17 16:15:52,087  INFO Microsoft.AspNetCore.Mvc.Infrastructure.ControllerActionInvoker.? [?] - MESSAGE: Executed action NakedObjects.Rest.App.Demo.RestfulObjectsController.GetHome (OOPRecords.Server) in 6890.2831ms
 2020-08-17 16:15:52,096  INFO Microsoft.AspNetCore.Hosting.Diagnostics.? [?] - MESSAGE: Request finished in 6988.6069ms 200 application/json; profile="urn:org.restfulobjects:repr-types/homepage"; charset=utf-8
 2020-08-17 16:17:29,088  INFO Microsoft.AspNetCore.Hosting.Diagnostics.? [?] - MESSAGE: Request starting HTTP/1.1 OPTIONS http://localhost:5000/  
 2020-08-17 16:17:29,088  INFO Microsoft.AspNetCore.Hosting.Diagnostics.? [?] - MESSAGE: Request starting HTTP/1.1 OPTIONS http://localhost:5000/  
 2020-08-17 16:17:29,101  INFO Microsoft.AspNetCore.Cors.Infrastructure.CorsService.? [?] - MESSAGE: CORS policy execution successful.
 2020-08-17 16:17:29,101  INFO Microsoft.AspNetCore.Cors.Infrastructure.CorsService.? [?] - MESSAGE: CORS policy execution successful.
 2020-08-17 16:17:29,108  INFO Microsoft.AspNetCore.Hosting.Diagnostics.? [?] - MESSAGE: Request finished in 20.1405ms 204 
 2020-08-17 16:17:29,108  INFO Microsoft.AspNetCore.Hosting.Diagnostics.? [?] - MESSAGE: Request finished in 19.8164ms 204 
 2020-08-17 16:17:29,113  INFO Microsoft.AspNetCore.Hosting.Diagnostics.? [?] - MESSAGE: Request starting HTTP/1.1 GET http://localhost:5000/ application/json 
 2020-08-17 16:17:29,115  INFO Microsoft.AspNetCore.Cors.Infrastructure.CorsService.? [?] - MESSAGE: CORS policy execution successful.
 2020-08-17 16:17:29,120  INFO Microsoft.AspNetCore.Mvc.Infrastructure.ControllerActionInvoker.? [?] - MESSAGE: Route matched with {action = "GetHome", controller = "RestfulObjects"}. Executing controller action with signature Microsoft.AspNetCore.Mvc.ActionResult GetHome() on controller NakedObjects.Rest.App.Demo.RestfulObjectsController (OOPRecords.Server).
 2020-08-17 16:17:29,136  INFO Microsoft.AspNetCore.Mvc.NewtonsoftJson.NewtonsoftJsonResultExecutor.? [?] - MESSAGE: Executing JsonResult, writing value of type 'NakedObjects.Rest.Snapshot.Representations.HomePageRepresentation'.
 2020-08-17 16:17:29,150  INFO Microsoft.AspNetCore.Mvc.Infrastructure.ControllerActionInvoker.? [?] - MESSAGE: Executed action NakedObjects.Rest.App.Demo.RestfulObjectsController.GetHome (OOPRecords.Server) in 28.9321ms
 2020-08-17 16:17:29,152  INFO Microsoft.AspNetCore.Hosting.Diagnostics.? [?] - MESSAGE: Request finished in 39.5489ms 200 application/json; profile="urn:org.restfulobjects:repr-types/homepage"; charset=utf-8
 2020-08-17 16:17:29,155  INFO Microsoft.AspNetCore.Hosting.Diagnostics.? [?] - MESSAGE: Request starting HTTP/1.1 GET http://localhost:5000/ application/json 
 2020-08-17 16:17:29,157  INFO Microsoft.AspNetCore.Cors.Infrastructure.CorsService.? [?] - MESSAGE: CORS policy execution successful.
 2020-08-17 16:17:29,163  INFO Microsoft.AspNetCore.Mvc.Infrastructure.ControllerActionInvoker.? [?] - MESSAGE: Route matched with {action = "GetHome", controller = "RestfulObjects"}. Executing controller action with signature Microsoft.AspNetCore.Mvc.ActionResult GetHome() on controller NakedObjects.Rest.App.Demo.RestfulObjectsController (OOPRecords.Server).
 2020-08-17 16:17:29,179  INFO Microsoft.AspNetCore.Hosting.Diagnostics.? [?] - MESSAGE: Request starting HTTP/1.1 OPTIONS http://localhost:5000/menus  
 2020-08-17 16:17:29,181  INFO Microsoft.AspNetCore.Cors.Infrastructure.CorsService.? [?] - MESSAGE: CORS policy execution successful.
 2020-08-17 16:17:29,185  INFO Microsoft.AspNetCore.Hosting.Diagnostics.? [?] - MESSAGE: Request finished in 5.3714ms 204 
 2020-08-17 16:17:29,187  INFO Microsoft.AspNetCore.Hosting.Diagnostics.? [?] - MESSAGE: Request starting HTTP/1.1 GET http://localhost:5000/menus application/json 
 2020-08-17 16:17:29,190  INFO Microsoft.AspNetCore.Cors.Infrastructure.CorsService.? [?] - MESSAGE: CORS policy execution successful.
 2020-08-17 16:17:29,204  INFO Microsoft.AspNetCore.Mvc.Infrastructure.ControllerActionInvoker.? [?] - MESSAGE: Route matched with {action = "GetMenus", controller = "RestfulObjects"}. Executing controller action with signature Microsoft.AspNetCore.Mvc.ActionResult GetMenus() on controller NakedObjects.Rest.App.Demo.RestfulObjectsController (OOPRecords.Server).
 2020-08-17 16:17:29,215  INFO Microsoft.AspNetCore.Mvc.NewtonsoftJson.NewtonsoftJsonResultExecutor.? [?] - MESSAGE: Executing JsonResult, writing value of type 'NakedObjects.Rest.Snapshot.Representations.HomePageRepresentation'.
 2020-08-17 16:17:29,217  INFO Microsoft.AspNetCore.Mvc.Infrastructure.ControllerActionInvoker.? [?] - MESSAGE: Executed action NakedObjects.Rest.App.Demo.RestfulObjectsController.GetHome (OOPRecords.Server) in 38.2734ms
 2020-08-17 16:17:29,219  INFO Microsoft.AspNetCore.Hosting.Diagnostics.? [?] - MESSAGE: Request finished in 64.3656ms 200 application/json; profile="urn:org.restfulobjects:repr-types/homepage"; charset=utf-8
 2020-08-17 16:17:29,226  INFO Microsoft.AspNetCore.Hosting.Diagnostics.? [?] - MESSAGE: Request starting HTTP/1.1 OPTIONS http://localhost:5000/user  
 2020-08-17 16:17:29,228  INFO Microsoft.AspNetCore.Cors.Infrastructure.CorsService.? [?] - MESSAGE: CORS policy execution successful.
 2020-08-17 16:17:29,230  INFO Microsoft.AspNetCore.Hosting.Diagnostics.? [?] - MESSAGE: Request finished in 3.6358ms 204 
 2020-08-17 16:17:29,232  INFO Microsoft.AspNetCore.Hosting.Diagnostics.? [?] - MESSAGE: Request starting HTTP/1.1 GET http://localhost:5000/user application/json 
 2020-08-17 16:17:29,234  INFO Microsoft.AspNetCore.Cors.Infrastructure.CorsService.? [?] - MESSAGE: CORS policy execution successful.
 2020-08-17 16:17:29,258  INFO Microsoft.AspNetCore.Mvc.Infrastructure.ControllerActionInvoker.? [?] - MESSAGE: Route matched with {action = "GetUser", controller = "RestfulObjects"}. Executing controller action with signature Microsoft.AspNetCore.Mvc.ActionResult GetUser() on controller NakedObjects.Rest.App.Demo.RestfulObjectsController (OOPRecords.Server).
 2020-08-17 16:17:29,265  INFO Microsoft.AspNetCore.Mvc.NewtonsoftJson.NewtonsoftJsonResultExecutor.? [?] - MESSAGE: Executing JsonResult, writing value of type 'NakedObjects.Rest.Snapshot.Representations.UserRepresentation'.
 2020-08-17 16:17:29,269  INFO Microsoft.AspNetCore.Mvc.Infrastructure.ControllerActionInvoker.? [?] - MESSAGE: Executed action NakedObjects.Rest.App.Demo.RestfulObjectsController.GetUser (OOPRecords.Server) in 9.7212ms
 2020-08-17 16:17:29,271  INFO Microsoft.AspNetCore.Hosting.Diagnostics.? [?] - MESSAGE: Request finished in 38.6762ms 200 application/json; profile="urn:org.restfulobjects:repr-types/user"; charset=utf-8
 2020-08-17 16:17:29,370  INFO Microsoft.AspNetCore.Mvc.NewtonsoftJson.NewtonsoftJsonResultExecutor.? [?] - MESSAGE: Executing JsonResult, writing value of type 'NakedObjects.Rest.Snapshot.Representations.ListRepresentation'.
 2020-08-17 16:17:29,382  INFO Microsoft.AspNetCore.Mvc.Infrastructure.ControllerActionInvoker.? [?] - MESSAGE: Executed action NakedObjects.Rest.App.Demo.RestfulObjectsController.GetMenus (OOPRecords.Server) in 176.2406ms
 2020-08-17 16:17:29,384  INFO Microsoft.AspNetCore.Hosting.Diagnostics.? [?] - MESSAGE: Request finished in 196.0802ms 200 application/json; profile="urn:org.restfulobjects:repr-types/list"; charset=utf-8; x-ro-element-type="System.Object"
 2020-08-17 16:17:30,674  INFO Microsoft.AspNetCore.Hosting.Diagnostics.? [?] - MESSAGE: Request starting HTTP/1.1 OPTIONS http://localhost:5000/menus/StudentRepository  
 2020-08-17 16:17:30,677  INFO Microsoft.AspNetCore.Cors.Infrastructure.CorsService.? [?] - MESSAGE: CORS policy execution successful.
 2020-08-17 16:17:30,680  INFO Microsoft.AspNetCore.Hosting.Diagnostics.? [?] - MESSAGE: Request finished in 6.2237ms 204 
 2020-08-17 16:17:30,684  INFO Microsoft.AspNetCore.Hosting.Diagnostics.? [?] - MESSAGE: Request starting HTTP/1.1 GET http://localhost:5000/menus/StudentRepository application/json 
 2020-08-17 16:17:30,685  INFO Microsoft.AspNetCore.Cors.Infrastructure.CorsService.? [?] - MESSAGE: CORS policy execution successful.
 2020-08-17 16:17:30,691  INFO Microsoft.AspNetCore.Mvc.Infrastructure.ControllerActionInvoker.? [?] - MESSAGE: Route matched with {action = "GetMenu", controller = "RestfulObjects"}. Executing controller action with signature Microsoft.AspNetCore.Mvc.ActionResult GetMenu(System.String) on controller NakedObjects.Rest.App.Demo.RestfulObjectsController (OOPRecords.Server).
 2020-08-17 16:17:30,757  INFO Microsoft.AspNetCore.Mvc.NewtonsoftJson.NewtonsoftJsonResultExecutor.? [?] - MESSAGE: Executing JsonResult, writing value of type 'NakedObjects.Rest.Snapshot.Representations.MenuRepresentation'.
 2020-08-17 16:17:30,777  INFO Microsoft.AspNetCore.Mvc.Infrastructure.ControllerActionInvoker.? [?] - MESSAGE: Executed action NakedObjects.Rest.App.Demo.RestfulObjectsController.GetMenu (OOPRecords.Server) in 82.7339ms
 2020-08-17 16:17:30,779  INFO Microsoft.AspNetCore.Hosting.Diagnostics.? [?] - MESSAGE: Request finished in 95.219ms 200 application/json; profile="urn:org.restfulobjects:repr-types/menu"; charset=utf-8
 2020-08-17 16:17:31,752  INFO Microsoft.AspNetCore.Hosting.Diagnostics.? [?] - MESSAGE: Request starting HTTP/1.1 OPTIONS http://localhost:5000/services/OOPRecords.Model.StudentRepository/actions/AllStudents/invoke?x-ro-inline-property-details=false  
 2020-08-17 16:17:31,756  INFO Microsoft.AspNetCore.Cors.Infrastructure.CorsService.? [?] - MESSAGE: CORS policy execution successful.
 2020-08-17 16:17:31,760  INFO Microsoft.AspNetCore.Hosting.Diagnostics.? [?] - MESSAGE: Request finished in 7.6607ms 204 
 2020-08-17 16:17:31,765  INFO Microsoft.AspNetCore.Hosting.Diagnostics.? [?] - MESSAGE: Request starting HTTP/1.1 GET http://localhost:5000/services/OOPRecords.Model.StudentRepository/actions/AllStudents/invoke?x-ro-inline-property-details=false application/json 
 2020-08-17 16:17:31,768  INFO Microsoft.AspNetCore.Cors.Infrastructure.CorsService.? [?] - MESSAGE: CORS policy execution successful.
 2020-08-17 16:17:31,775  INFO Microsoft.AspNetCore.Mvc.Infrastructure.ControllerActionInvoker.? [?] - MESSAGE: Route matched with {action = "GetInvokeOnService", controller = "RestfulObjects"}. Executing controller action with signature Microsoft.AspNetCore.Mvc.ActionResult GetInvokeOnService(System.String, System.String, NakedObjects.Rest.Model.ArgumentMap) on controller NakedObjects.Rest.App.Demo.RestfulObjectsController (OOPRecords.Server).
 2020-08-17 16:17:31,856  INFO NakedObjects.Facade.Impl.FrameworkFacade.? [?] - MESSAGE: Creating hash for: NakedObjects.Core.Adapter.CollectionMemento raw values: UserName: hash: 1234
 2020-08-17 16:18:05,425  INFO Microsoft.Hosting.Lifetime.? [?] - MESSAGE: Application started. Press Ctrl+C to shut down.
 2020-08-17 16:18:05,440  INFO Microsoft.Hosting.Lifetime.? [?] - MESSAGE: Hosting environment: Development
 2020-08-17 16:18:05,441  INFO Microsoft.Hosting.Lifetime.? [?] - MESSAGE: Content root path: C:\MetalUp\OOPRecords\OOPRecords.Server
 2020-08-17 16:18:05,456  INFO Microsoft.AspNetCore.Hosting.Diagnostics.? [?] - MESSAGE: Request starting HTTP/1.1 GET http://localhost:5000/  
 2020-08-17 16:18:05,550  INFO Microsoft.AspNetCore.Mvc.Infrastructure.ControllerActionInvoker.? [?] - MESSAGE: Route matched with {action = "GetHome", controller = "RestfulObjects"}. Executing controller action with signature Microsoft.AspNetCore.Mvc.ActionResult GetHome() on controller NakedObjects.Rest.App.Demo.RestfulObjectsController (OOPRecords.Server).
 2020-08-17 16:24:12,188  INFO Microsoft.Hosting.Lifetime.? [?] - MESSAGE: Application started. Press Ctrl+C to shut down.
 2020-08-17 16:24:12,201  INFO Microsoft.Hosting.Lifetime.? [?] - MESSAGE: Hosting environment: Development
 2020-08-17 16:24:12,202  INFO Microsoft.Hosting.Lifetime.? [?] - MESSAGE: Content root path: C:\MetalUp\OOPRecords\OOPRecords.Server
 2020-08-17 16:24:12,216  INFO Microsoft.AspNetCore.Hosting.Diagnostics.? [?] - MESSAGE: Request starting HTTP/1.1 GET http://localhost:5000/  
 2020-08-17 16:24:12,306  INFO Microsoft.AspNetCore.Mvc.Infrastructure.ControllerActionInvoker.? [?] - MESSAGE: Route matched with {action = "GetHome", controller = "RestfulObjects"}. Executing controller action with signature Microsoft.AspNetCore.Mvc.ActionResult GetHome() on controller NakedObjects.Rest.App.Demo.RestfulObjectsController (OOPRecords.Server).
 